<?xml version="1.0" encoding="UTF-8"?>
<testsuite name="br.com.codenation.desafioexe.DesafioApplicationTest" tests="2" skipped="0" failures="0" errors="0" timestamp="2020-07-19T04:50:46" hostname="HOSpiderMan" time="0.009">
  <properties/>
  <testcase name="fibonacci" classname="br.com.codenation.desafioexe.DesafioApplicationTest" time="0.002"/>
  <testcase name="isFibonacci" classname="br.com.codenation.desafioexe.DesafioApplicationTest" time="0.001"/>
  <system-out><![CDATA[]]></system-out>
  <system-err><![CDATA[]]></system-err>
</testsuite>
